<?xml version="1.0" encoding="UTF-8"?>
<!-- Generated by org.testng.reporters.JUnitReportReporter -->
<testsuite hostname="LAPTOP-00K4GI6E" failures="0" tests="1" name="testpageobjmodel.testpomwithparameters" time="6.423" errors="0" timestamp="2022-02-11T13:47:58 IST" skipped="0">
  <testcase classname="testpageobjmodel.testpomwithparameters" name="verifywikisearch" time="6.423"/>
  <system-out/>
</testsuite> <!-- testpageobjmodel.testpomwithparameters -->
