<?xml version="1.0" encoding="UTF-8"?>
<!-- Generated by org.testng.reporters.JUnitReportReporter -->
<testsuite hostname="LAPTOP-00K4GI6E" failures="0" tests="1" name="testcasePOMwithPageFactory.testingPOMwithPageFactory" time="8.443" errors="0" timestamp="2022-02-11T14:42:26 IST" skipped="0">
  <testcase classname="testcasePOMwithPageFactory.testingPOMwithPageFactory" name="wikiuser" time="8.443"/>
  <system-out/>
</testsuite> <!-- testcasePOMwithPageFactory.testingPOMwithPageFactory -->
