<?xml version="1.0" encoding="UTF-8"?>
<!-- Generated by org.testng.reporters.JUnitReportReporter -->
<testsuite hostname="LAPTOP-00K4GI6E" failures="0" tests="1" name="testpageobjmodel.testpom" time="11.711" errors="0" timestamp="2022-02-11T14:52:40 IST" skipped="0">
  <testcase classname="testpageobjmodel.testpom" name="verifywikisearch" time="11.711"/>
  <system-out/>
</testsuite> <!-- testpageobjmodel.testpom -->
